<?xml version="1.0" encoding="UTF-8"?>
<!-- Generated by org.testng.reporters.JUnitReportReporter -->
<testsuite hostname="Devil-World-1999JAN" failures="0" tests="1" name="mavenproject.spotifyautomation.spotify_api" time="1.598" errors="0" timestamp="2022-11-18T19:45:54 IST" skipped="0">
  <testcase classname="mavenproject.spotifyautomation.spotify_api" name="search" time="1.598"/>
  <system-out/>
</testsuite> <!-- mavenproject.spotifyautomation.spotify_api -->
